<?xml version="1.0" encoding="utf-8"?><testsuites><testsuite name="pytest" errors="0" failures="0" skipped="0" tests="9" time="0.080" timestamp="2023-05-05T20:26:20.106816" hostname="Dabliu"><testcase classname="tests.test_bytebank.TestClass" name="test_idade_13_03_2000_igual_22" time="0.002" /><testcase classname="tests.test_bytebank.TestClass" name="test_nome_wesley_silva_carneiro_igual_wesley" time="0.001" /><testcase classname="tests.test_bytebank.TestClass" name="test_sobrenome_wesley_silva_carneiro_igual_silva_carneiro" time="0.001" /><testcase classname="tests.test_bytebank.TestClass" name="test_reduzir_salario_100000_diretor_retorna_90000" time="0.001" /><testcase classname="tests.test_bytebank.TestClass" name="test_reduzir_salario_100000_nao_diretor_retorna_None" time="0.001" /><testcase classname="tests.test_bytebank.TestClass" name="test_calcular_bonus_1000_retorna_100" time="0.001" /><testcase classname="tests.test_bytebank.TestClass" name="test_calcular_bonus_11000_retorna_exception" time="0.001" /><testcase classname="tests.test_bytebank.TestClass" name="test_calcular_bonus_11000_retorna_exception2" time="0.001" /><testcase classname="tests.test_bytebank.TestClass" name="test_salario_5000_retorna_5000" time="0.001" /></testsuite></testsuites>